<?xml version="1.0" encoding="UTF-8"?>
<testng-results ignored="0" total="5" passed="5" failed="0" skipped="0">
  <reporter-output>
  </reporter-output>
  <suite started-at="2023-08-08T08:41:50 MSK" name="Cart" finished-at="2023-08-08T08:42:12 MSK" duration-ms="22440">
    <groups>
      <group name="logOut">
        <method signature="CartTest.verifyBookedItemsStoredInAccountProfile()[pri:0, instance:test.CartTest@614aeccc]" name="verifyBookedItemsStoredInAccountProfile" class="test.CartTest"/>
      </group> <!-- logOut -->
    </groups>
    <test started-at="2023-08-08T08:41:50 MSK" name="Cart" finished-at="2023-08-08T08:42:12 MSK" duration-ms="22440">
      <class name="test.CartTest">
        <test-method is-config="true" signature="setUp()[pri:0, instance:test.CartTest@614aeccc]" started-at="2023-08-08T08:41:50 MSK" name="setUp" description="setUp() gets the driver type from the bundle" finished-at="2023-08-08T08:41:55 MSK" duration-ms="5336" status="PASS">
          <reporter-output>
          </reporter-output>
        </test-method> <!-- setUp -->
        <test-method signature="verifyBookedItemsStoredInAccountProfile()[pri:0, instance:test.CartTest@614aeccc]" started-at="2023-08-08T08:41:55 MSK" name="verifyBookedItemsStoredInAccountProfile" finished-at="2023-08-08T08:42:00 MSK" duration-ms="4281" status="PASS">
          <reporter-output>
          </reporter-output>
        </test-method> <!-- verifyBookedItemsStoredInAccountProfile -->
        <test-method is-config="true" signature="logOut()[pri:0, instance:test.CartTest@614aeccc]" started-at="2023-08-08T08:42:00 MSK" name="logOut" finished-at="2023-08-08T08:42:00 MSK" duration-ms="384" status="PASS">
          <reporter-output>
          </reporter-output>
        </test-method> <!-- logOut -->
        <test-method signature="verifyDeleteButtonRemovesItemFromCart()[pri:0, instance:test.CartTest@614aeccc]" started-at="2023-08-08T08:42:00 MSK" name="verifyDeleteButtonRemovesItemFromCart" finished-at="2023-08-08T08:42:02 MSK" duration-ms="1549" status="PASS">
          <reporter-output>
          </reporter-output>
        </test-method> <!-- verifyDeleteButtonRemovesItemFromCart -->
        <test-method signature="verifyItemAddedToCartAppearInCartPage()[pri:0, instance:test.CartTest@614aeccc]" started-at="2023-08-08T08:42:02 MSK" name="verifyItemAddedToCartAppearInCartPage" finished-at="2023-08-08T08:42:03 MSK" duration-ms="1334" status="PASS">
          <reporter-output>
          </reporter-output>
        </test-method> <!-- verifyItemAddedToCartAppearInCartPage -->
        <test-method signature="verifyItemIsBookedWithPhoneAndAddress()[pri:0, instance:test.CartTest@614aeccc]" started-at="2023-08-08T08:42:03 MSK" name="verifyItemIsBookedWithPhoneAndAddress" finished-at="2023-08-08T08:42:05 MSK" duration-ms="2062" status="PASS">
          <reporter-output>
          </reporter-output>
        </test-method> <!-- verifyItemIsBookedWithPhoneAndAddress -->
        <test-method signature="verifyItemIsNotBookedWithoutAddress()[pri:0, instance:test.CartTest@614aeccc]" started-at="2023-08-08T08:42:05 MSK" name="verifyItemIsNotBookedWithoutAddress" finished-at="2023-08-08T08:42:12 MSK" duration-ms="6818" status="PASS">
          <reporter-output>
          </reporter-output>
        </test-method> <!-- verifyItemIsNotBookedWithoutAddress -->
        <test-method is-config="true" signature="afterTestCompleted()[pri:0, instance:test.CartTest@614aeccc]" started-at="2023-08-08T08:42:12 MSK" name="afterTestCompleted" description="closes the browser" finished-at="2023-08-08T08:42:12 MSK" duration-ms="515" status="PASS">
          <reporter-output>
          </reporter-output>
        </test-method> <!-- afterTestCompleted -->
      </class> <!-- test.CartTest -->
    </test> <!-- Cart -->
  </suite> <!-- Cart -->
</testng-results>
