<?xml version="1.0" encoding="UTF-8"?>
<testng-results ignored="0" total="7" passed="7" failed="0" skipped="0">
  <reporter-output>
  </reporter-output>
  <suite started-at="2023-08-24T16:40:31 UZT" name="Cart" finished-at="2023-08-24T16:41:23 UZT" duration-ms="52581">
    <groups>
      <group name="logOut">
        <method signature="CartTest.verifyBookedItemsStoredInAccountProfile()[pri:0, instance:test.CartTest@5e39850]" name="verifyBookedItemsStoredInAccountProfile" class="test.CartTest"/>
      </group> <!-- logOut -->
    </groups>
    <test started-at="2023-08-24T16:40:31 UZT" name="Cart" finished-at="2023-08-24T16:41:23 UZT" duration-ms="52581">
      <class name="test.CartTest">
        <test-method is-config="true" signature="setUp()[pri:0, instance:test.CartTest@5e39850]" started-at="2023-08-24T16:40:31 UZT" name="setUp" description="setUp() gets the driver type from the bundle" finished-at="2023-08-24T16:40:47 UZT" duration-ms="16737" status="PASS">
          <reporter-output>
          </reporter-output>
        </test-method> <!-- setUp -->
        <test-method signature="verifyBookedItemsStoredInAccountProfile()[pri:0, instance:test.CartTest@5e39850]" started-at="2023-08-24T16:40:47 UZT" name="verifyBookedItemsStoredInAccountProfile" finished-at="2023-08-24T16:40:58 UZT" duration-ms="10145" status="PASS">
          <reporter-output>
          </reporter-output>
        </test-method> <!-- verifyBookedItemsStoredInAccountProfile -->
        <test-method is-config="true" signature="logOut()[pri:0, instance:test.CartTest@5e39850]" started-at="2023-08-24T16:40:58 UZT" name="logOut" finished-at="2023-08-24T16:40:58 UZT" duration-ms="755" status="PASS">
          <reporter-output>
          </reporter-output>
        </test-method> <!-- logOut -->
        <test-method signature="verifyDeleteButtonRemovesItemFromCart()[pri:0, instance:test.CartTest@5e39850]" started-at="2023-08-24T16:40:58 UZT" name="verifyDeleteButtonRemovesItemFromCart" finished-at="2023-08-24T16:41:02 UZT" duration-ms="3581" status="PASS">
          <reporter-output>
          </reporter-output>
        </test-method> <!-- verifyDeleteButtonRemovesItemFromCart -->
        <test-method signature="verifyItemAddedToCartAppearInCartPage()[pri:0, instance:test.CartTest@5e39850]" started-at="2023-08-24T16:41:02 UZT" name="verifyItemAddedToCartAppearInCartPage" finished-at="2023-08-24T16:41:04 UZT" duration-ms="2319" status="PASS">
          <reporter-output>
          </reporter-output>
        </test-method> <!-- verifyItemAddedToCartAppearInCartPage -->
        <test-method signature="verifyItemIsBookedWithPhoneAndAddress()[pri:0, instance:test.CartTest@5e39850]" started-at="2023-08-24T16:41:04 UZT" name="verifyItemIsBookedWithPhoneAndAddress" finished-at="2023-08-24T16:41:10 UZT" duration-ms="5245" status="PASS">
          <reporter-output>
          </reporter-output>
        </test-method> <!-- verifyItemIsBookedWithPhoneAndAddress -->
        <test-method signature="verifyItemIsNotBookedWithoutAddress()[pri:0, instance:test.CartTest@5e39850]" started-at="2023-08-24T16:41:10 UZT" name="verifyItemIsNotBookedWithoutAddress" finished-at="2023-08-24T16:41:18 UZT" duration-ms="7987" status="PASS">
          <reporter-output>
          </reporter-output>
        </test-method> <!-- verifyItemIsNotBookedWithoutAddress -->
        <test-method signature="verifyItemPriceCalculatedCorrectly()[pri:0, instance:test.CartTest@5e39850]" started-at="2023-08-24T16:41:18 UZT" name="verifyItemPriceCalculatedCorrectly" finished-at="2023-08-24T16:41:20 UZT" duration-ms="2538" status="PASS">
          <reporter-output>
          </reporter-output>
        </test-method> <!-- verifyItemPriceCalculatedCorrectly -->
        <test-method signature="verifyTotalPriceCalculatedCorrectly()[pri:0, instance:test.CartTest@5e39850]" started-at="2023-08-24T16:41:20 UZT" name="verifyTotalPriceCalculatedCorrectly" finished-at="2023-08-24T16:41:23 UZT" duration-ms="2443" status="PASS">
          <reporter-output>
          </reporter-output>
        </test-method> <!-- verifyTotalPriceCalculatedCorrectly -->
        <test-method is-config="true" signature="afterTestCompleted()[pri:0, instance:test.CartTest@5e39850]" started-at="2023-08-24T16:41:23 UZT" name="afterTestCompleted" description="closes the browser" finished-at="2023-08-24T16:41:23 UZT" duration-ms="428" status="PASS">
          <reporter-output>
          </reporter-output>
        </test-method> <!-- afterTestCompleted -->
      </class> <!-- test.CartTest -->
    </test> <!-- Cart -->
  </suite> <!-- Cart -->
</testng-results>
