-------------------------------------------------------------------------------
Test set: TestSuite
-------------------------------------------------------------------------------
<<<<<<< HEAD
Tests run: 3, Failures: 1, Errors: 0, Skipped: 0, Time elapsed: 23.782 s <<< FAILURE! - in TestSuite
doSelectedItemsCorrespondToSearchRequest(test.CorrectSearchTest)  Time elapsed: 5.236 s  <<< FAILURE!
java.lang.AssertionError: expected [true] but found [false]
	at test.CorrectSearchTest.lambda$doSelectedItemsCorrespondToSearchRequest$0(CorrectSearchTest.java:27)
	at test.CorrectSearchTest.lambda$doSelectedItemsCorrespondToSearchRequest$1(CorrectSearchTest.java:27)
	at test.CorrectSearchTest.doSelectedItemsCorrespondToSearchRequest(CorrectSearchTest.java:25)

=======
Tests run: 5, Failures: 0, Errors: 0, Skipped: 0, Time elapsed: 18.196 s - in TestSuite
>>>>>>> main
