<?xml version="1.0" encoding="UTF-8"?>
<testng-results ignored="0" total="2" passed="2" failed="0" skipped="0">
  <reporter-output>
  </reporter-output>
  <suite started-at="2023-07-31T10:49:26 MSK" name="Smoke" finished-at="2023-07-31T10:49:36 MSK" duration-ms="9183">
    <groups>
    </groups>
    <test started-at="2023-07-31T10:49:26 MSK" name="Smoke" finished-at="2023-07-31T10:49:36 MSK" duration-ms="9183">
      <class name="test.RegistrationPageTest">
        <test-method is-config="true" signature="setUp()[pri:0, instance:test.RegistrationPageTest@dbf57b3]" started-at="2023-07-31T10:49:26 MSK" name="setUp" finished-at="2023-07-31T10:49:31 MSK" duration-ms="5001" status="PASS">
          <reporter-output>
          </reporter-output>
        </test-method> <!-- setUp -->
        <test-method signature="randomUserRegistrationTest()[pri:0, instance:test.RegistrationPageTest@dbf57b3]" started-at="2023-07-31T10:49:31 MSK" name="randomUserRegistrationTest" description="Random user registration test" finished-at="2023-07-31T10:49:34 MSK" duration-ms="2591" status="PASS">
          <reporter-output>
          </reporter-output>
        </test-method> <!-- randomUserRegistrationTest -->
        <test-method signature="userFromBundleRegistrationTest()[pri:0, instance:test.RegistrationPageTest@dbf57b3]" started-at="2023-07-31T10:49:34 MSK" name="userFromBundleRegistrationTest" description="Registration of user from bundle " finished-at="2023-07-31T10:49:35 MSK" duration-ms="1262" status="PASS">
          <reporter-output>
          </reporter-output>
        </test-method> <!-- userFromBundleRegistrationTest -->
        <test-method is-config="true" signature="afterTestCompleted()[pri:0, instance:test.RegistrationPageTest@dbf57b3]" started-at="2023-07-31T10:49:35 MSK" name="afterTestCompleted" description="closes the browser" finished-at="2023-07-31T10:49:36 MSK" duration-ms="264" status="PASS">
          <reporter-output>
          </reporter-output>
        </test-method> <!-- afterTestCompleted -->
      </class> <!-- test.RegistrationPageTest -->
    </test> <!-- Smoke -->
  </suite> <!-- Smoke -->
</testng-results>
