<?xml version="1.0" encoding="UTF-8"?>
<testng-results ignored="0" total="3" passed="3" failed="0" skipped="0">
  <reporter-output>
  </reporter-output>
  <suite started-at="2023-07-17T20:26:22 MSK" name="Hardcore" finished-at="2023-07-17T20:26:30 MSK" duration-ms="7249">
    <groups>
    </groups>
    <test started-at="2023-07-17T20:26:22 MSK" name="C:\EpamLab\FrameworkLab\src\test\java\test\CorrectSearchTest.java" finished-at="2023-07-17T20:26:30 MSK" duration-ms="7249">
      <class name="test.CorrectSearchTest">
        <test-method is-config="true" signature="setUp()[pri:0, instance:test.CorrectSearchTest@43195e57]" started-at="2023-07-17T20:26:22 MSK" name="setUp" finished-at="2023-07-17T20:26:26 MSK" duration-ms="3261" status="PASS">
          <reporter-output>
          </reporter-output>
        </test-method> <!-- setUp -->
        <test-method signature="doSelectedItemsCorrespondToSearchRequestOne()[pri:0, instance:test.CorrectSearchTest@43195e57]" started-at="2023-07-17T20:26:26 MSK" name="doSelectedItemsCorrespondToSearchRequestOne" description="compares the search request one and the selected items names" finished-at="2023-07-17T20:26:28 MSK" duration-ms="2320" status="PASS">
          <reporter-output>
          </reporter-output>
        </test-method> <!-- doSelectedItemsCorrespondToSearchRequestOne -->
        <test-method signature="doSelectedItemsCorrespondToSearchRequestTwo()[pri:0, instance:test.CorrectSearchTest@43195e57]" started-at="2023-07-17T20:26:28 MSK" name="doSelectedItemsCorrespondToSearchRequestTwo" description="compares the search request two and the selected items names" finished-at="2023-07-17T20:26:29 MSK" duration-ms="582" status="PASS">
          <reporter-output>
          </reporter-output>
        </test-method> <!-- doSelectedItemsCorrespondToSearchRequestTwo -->
        <test-method signature="doSelectedItemsCorrespondToSearchRequestThree()[pri:0, instance:test.CorrectSearchTest@43195e57]" started-at="2023-07-17T20:26:29 MSK" name="doSelectedItemsCorrespondToSearchRequestThree" description="compares the search request three and the selected items names" finished-at="2023-07-17T20:26:29 MSK" duration-ms="794" status="PASS">
          <reporter-output>
          </reporter-output>
        </test-method> <!-- doSelectedItemsCorrespondToSearchRequestThree -->
        <test-method is-config="true" signature="afterTestCompleted()[pri:0, instance:test.CorrectSearchTest@43195e57]" started-at="2023-07-17T20:26:29 MSK" name="afterTestCompleted" description="closes the browser" finished-at="2023-07-17T20:26:30 MSK" duration-ms="232" status="PASS">
          <reporter-output>
          </reporter-output>
        </test-method> <!-- afterTestCompleted -->
      </class> <!-- test.CorrectSearchTest -->
    </test> <!-- C:\EpamLab\FrameworkLab\src\test\java\test\CorrectSearchTest.java -->
  </suite> <!-- Hardcore -->
</testng-results>
