<?xml version="1.0" encoding="UTF-8"?>
<testng-results ignored="0" total="2" passed="2" failed="0" skipped="0">
  <reporter-output>
  </reporter-output>
  <suite started-at="2023-08-02T18:14:59 MSK" name="Login page Tests" finished-at="2023-08-02T18:15:09 MSK" duration-ms="10461">
    <groups>
    </groups>
    <test started-at="2023-08-02T18:14:59 MSK" name="Smoke" finished-at="2023-08-02T18:15:09 MSK" duration-ms="10461">
      <class name="test.LoginPageTest">
        <test-method is-config="true" signature="setUp()[pri:0, instance:test.LoginPageTest@64138b0c]" started-at="2023-08-02T18:15:00 MSK" name="setUp" description="setUp() gets the driver type from the bundle" finished-at="2023-08-02T18:15:05 MSK" duration-ms="4868" status="PASS">
          <reporter-output>
          </reporter-output>
        </test-method> <!-- setUp -->
        <test-method is-config="true" signature="preRegisterUserForLoginPageTests()[pri:0, instance:test.LoginPageTest@64138b0c]" started-at="2023-08-02T18:15:05 MSK" name="preRegisterUserForLoginPageTests" finished-at="2023-08-02T18:15:07 MSK" duration-ms="2448" status="PASS">
          <reporter-output>
          </reporter-output>
        </test-method> <!-- preRegisterUserForLoginPageTests -->
        <test-method is-config="true" signature="initialPage()[pri:0, instance:test.LoginPageTest@64138b0c]" started-at="2023-08-02T18:15:07 MSK" name="initialPage" description="Initializes and opens registration page" finished-at="2023-08-02T18:15:07 MSK" duration-ms="110" status="PASS">
          <reporter-output>
          </reporter-output>
        </test-method> <!-- initialPage -->
        <test-method signature="loginUnRegisteredUser()[pri:0, instance:test.LoginPageTest@64138b0c]" started-at="2023-08-02T18:15:07 MSK" name="loginUnRegisteredUser" description="Login unregistered user" finished-at="2023-08-02T18:15:08 MSK" duration-ms="705" status="PASS">
          <reporter-output>
          </reporter-output>
        </test-method> <!-- loginUnRegisteredUser -->
        <test-method is-config="true" signature="initialPage()[pri:0, instance:test.LoginPageTest@64138b0c]" started-at="2023-08-02T18:15:08 MSK" name="initialPage" description="Initializes and opens registration page" finished-at="2023-08-02T18:15:08 MSK" duration-ms="123" status="PASS">
          <reporter-output>
          </reporter-output>
        </test-method> <!-- initialPage -->
        <test-method signature="loginUserFromBundleTest()[pri:0, instance:test.LoginPageTest@64138b0c]" started-at="2023-08-02T18:15:08 MSK" name="loginUserFromBundleTest" description="Login by existing user data" finished-at="2023-08-02T18:15:09 MSK" duration-ms="1053" status="PASS">
          <reporter-output>
          </reporter-output>
        </test-method> <!-- loginUserFromBundleTest -->
        <test-method is-config="true" signature="afterTestCompleted()[pri:0, instance:test.LoginPageTest@64138b0c]" started-at="2023-08-02T18:15:09 MSK" name="afterTestCompleted" description="closes the browser" finished-at="2023-08-02T18:15:09 MSK" duration-ms="233" status="PASS">
          <reporter-output>
          </reporter-output>
        </test-method> <!-- afterTestCompleted -->
      </class> <!-- test.LoginPageTest -->
    </test> <!-- Smoke -->
  </suite> <!-- Login page Tests -->
</testng-results>
