<?xml version="1.0" encoding="UTF-8"?>
<testng-results ignored="0" total="2" passed="2" failed="0" skipped="0">
  <reporter-output>
  </reporter-output>
  <suite started-at="2023-07-18T14:38:58 UZT" name="Cart" finished-at="2023-07-18T14:39:09 UZT" duration-ms="11197">
    <groups>
    </groups>
    <test started-at="2023-07-18T14:38:58 UZT" name="Cart" finished-at="2023-07-18T14:39:09 UZT" duration-ms="11197">
      <class name="test.CartTest">
        <test-method is-config="true" signature="setUp()[pri:0, instance:test.CartTest@7219ec67]" started-at="2023-07-18T14:38:58 UZT" name="setUp" finished-at="2023-07-18T14:39:03 UZT" duration-ms="4372" status="PASS">
          <reporter-output>
          </reporter-output>
        </test-method> <!-- setUp -->
        <test-method signature="verifyDeleteButtonRemovesItemFromCart()[pri:0, instance:test.CartTest@7219ec67]" started-at="2023-07-18T14:39:03 UZT" name="verifyDeleteButtonRemovesItemFromCart" finished-at="2023-07-18T14:39:07 UZT" duration-ms="4654" status="PASS">
          <reporter-output>
          </reporter-output>
        </test-method> <!-- verifyDeleteButtonRemovesItemFromCart -->
        <test-method signature="verifyItemAddedtoCartAppearInCartPage()[pri:0, instance:test.CartTest@7219ec67]" started-at="2023-07-18T14:39:07 UZT" name="verifyItemAddedtoCartAppearInCartPage" finished-at="2023-07-18T14:39:09 UZT" duration-ms="1863" status="PASS">
          <reporter-output>
          </reporter-output>
        </test-method> <!-- verifyItemAddedtoCartAppearInCartPage -->
        <test-method is-config="true" signature="afterTestCompleted()[pri:0, instance:test.CartTest@7219ec67]" started-at="2023-07-18T14:39:09 UZT" name="afterTestCompleted" description="closes the browser" finished-at="2023-07-18T14:39:09 UZT" duration-ms="223" status="PASS">
          <reporter-output>
          </reporter-output>
        </test-method> <!-- afterTestCompleted -->
      </class> <!-- test.CartTest -->
    </test> <!-- Cart -->
  </suite> <!-- Cart -->
</testng-results>
