<?xml version="1.0" encoding="UTF-8"?>
<testng-results ignored="1" total="2" passed="1" failed="0" skipped="0">
  <reporter-output>
  </reporter-output>
  <suite started-at="2023-07-24T15:17:00 MSK" name="Cart verifyItemAddedtoCartAppearInCartPage" finished-at="2023-07-24T15:17:06 MSK" duration-ms="6569">
    <groups>
    </groups>
    <test started-at="2023-07-24T15:17:00 MSK" name="Cart verifyItemAddedtoCartAppearInCartPage" finished-at="2023-07-24T15:17:06 MSK" duration-ms="6569">
      <class name="test.CartTest">
        <test-method is-config="true" signature="setUp()[pri:0, instance:test.CartTest@7714e963]" started-at="2023-07-24T15:17:00 MSK" name="setUp" finished-at="2023-07-24T15:17:04 MSK" duration-ms="4007" status="PASS">
          <reporter-output>
          </reporter-output>
        </test-method> <!-- setUp -->
        <test-method signature="verifyItemAddedtoCartAppearInCartPage()[pri:0, instance:test.CartTest@7714e963]" started-at="2023-07-24T15:17:04 MSK" name="verifyItemAddedtoCartAppearInCartPage" finished-at="2023-07-24T15:17:06 MSK" duration-ms="2162" status="PASS">
          <reporter-output>
          </reporter-output>
        </test-method> <!-- verifyItemAddedtoCartAppearInCartPage -->
        <test-method is-config="true" signature="afterTestCompleted()[pri:0, instance:test.CartTest@7714e963]" started-at="2023-07-24T15:17:06 MSK" name="afterTestCompleted" description="closes the browser" finished-at="2023-07-24T15:17:06 MSK" duration-ms="325" status="PASS">
          <reporter-output>
          </reporter-output>
        </test-method> <!-- afterTestCompleted -->
      </class> <!-- test.CartTest -->
    </test> <!-- Cart verifyItemAddedtoCartAppearInCartPage -->
  </suite> <!-- Cart verifyItemAddedtoCartAppearInCartPage -->
</testng-results>
