<?xml version="1.0" encoding="UTF-8"?>
<testng-results ignored="1" total="2" passed="1" failed="0" skipped="0">
  <reporter-output>
  </reporter-output>
  <suite started-at="2023-07-20T11:13:15 MSK" name="Cart verifyItemAddedtoCartAppearInCartPage" finished-at="2023-07-20T11:13:22 MSK" duration-ms="6546">
    <groups>
    </groups>
    <test started-at="2023-07-20T11:13:15 MSK" name="Cart verifyItemAddedtoCartAppearInCartPage" finished-at="2023-07-20T11:13:22 MSK" duration-ms="6546">
      <class name="test.CartTest">
        <test-method is-config="true" signature="setUp()[pri:0, instance:test.CartTest@7714e963]" started-at="2023-07-20T11:13:15 MSK" name="setUp" finished-at="2023-07-20T11:13:19 MSK" duration-ms="4109" status="PASS">
          <reporter-output>
          </reporter-output>
        </test-method> <!-- setUp -->
        <test-method signature="verifyItemAddedtoCartAppearInCartPage()[pri:0, instance:test.CartTest@7714e963]" started-at="2023-07-20T11:13:19 MSK" name="verifyItemAddedtoCartAppearInCartPage" finished-at="2023-07-20T11:13:21 MSK" duration-ms="2029" status="PASS">
          <reporter-output>
          </reporter-output>
        </test-method> <!-- verifyItemAddedtoCartAppearInCartPage -->
        <test-method is-config="true" signature="afterTestCompleted()[pri:0, instance:test.CartTest@7714e963]" started-at="2023-07-20T11:13:21 MSK" name="afterTestCompleted" description="closes the browser" finished-at="2023-07-20T11:13:22 MSK" duration-ms="318" status="PASS">
          <reporter-output>
          </reporter-output>
        </test-method> <!-- afterTestCompleted -->
      </class> <!-- test.CartTest -->
    </test> <!-- Cart verifyItemAddedtoCartAppearInCartPage -->
  </suite> <!-- Cart verifyItemAddedtoCartAppearInCartPage -->
</testng-results>
