<?xml version="1.0" encoding="UTF-8"?>
<testng-results ignored="0" total="1" passed="1" failed="0" skipped="0">
  <reporter-output>
  </reporter-output>
  <suite started-at="2023-07-10T16:12:06 MSK" name="Hardcore" finished-at="2023-07-10T16:12:08 MSK" duration-ms="1953">
    <groups>
    </groups>
    <test started-at="2023-07-10T16:12:06 MSK" name="C:\EpamLab\FrameworkLab\src\test\java\test\WebDriverFishTest.java" finished-at="2023-07-10T16:12:08 MSK" duration-ms="1953">
      <class name="test.WebDriverFishTest">
        <test-method signature="areSmthOK()[pri:0, instance:test.WebDriverFishTest@50850539]" started-at="2023-07-10T16:12:06 MSK" name="areSmthOK" description="compares VM Total Estimated Monthly Cost values on Calculator and in Email" finished-at="2023-07-10T16:12:06 MSK" duration-ms="9" status="PASS">
          <reporter-output>
          </reporter-output>
        </test-method> <!-- areSmthOK -->
        <test-method is-config="true" signature="afterTestCompleted()[pri:0, instance:test.WebDriverFishTest@50850539]" started-at="2023-07-10T16:12:06 MSK" name="afterTestCompleted" description="closes the browser" finished-at="2023-07-10T16:12:08 MSK" duration-ms="1834" status="PASS">
          <reporter-output>
          </reporter-output>
        </test-method> <!-- afterTestCompleted -->
      </class> <!-- test.WebDriverFishTest -->
    </test> <!-- C:\EpamLab\FrameworkLab\src\test\java\test\WebDriverFishTest.java -->
  </suite> <!-- Hardcore -->
</testng-results>
