<?xml version="1.0" encoding="UTF-8"?>
<testng-results ignored="0" total="5" passed="5" failed="0" skipped="0">
  <reporter-output>
  </reporter-output>
  <suite started-at="2023-07-29T13:30:34 UZT" name="Cart" finished-at="2023-07-29T13:31:03 UZT" duration-ms="28621">
    <groups>
      <group name="logOut">
        <method signature="CartTest.verifyBookedItemsStoredInAccountProfile()[pri:0, instance:test.CartTest@7c469c48]" name="verifyBookedItemsStoredInAccountProfile" class="test.CartTest"/>
      </group> <!-- logOut -->
    </groups>
    <test started-at="2023-07-29T13:30:34 UZT" name="Cart" finished-at="2023-07-29T13:31:03 UZT" duration-ms="28621">
      <class name="test.CartTest">
        <test-method is-config="true" signature="setUp()[pri:0, instance:test.CartTest@7c469c48]" started-at="2023-07-29T13:30:34 UZT" name="setUp" finished-at="2023-07-29T13:30:40 UZT" duration-ms="5511" status="PASS">
          <reporter-output>
          </reporter-output>
        </test-method> <!-- setUp -->
        <test-method signature="verifyBookedItemsStoredInAccountProfile()[pri:0, instance:test.CartTest@7c469c48]" started-at="2023-07-29T13:30:40 UZT" name="verifyBookedItemsStoredInAccountProfile" finished-at="2023-07-29T13:30:47 UZT" duration-ms="7189" status="PASS">
          <reporter-output>
          </reporter-output>
        </test-method> <!-- verifyBookedItemsStoredInAccountProfile -->
        <test-method is-config="true" signature="logOut()[pri:0, instance:test.CartTest@7c469c48]" started-at="2023-07-29T13:30:47 UZT" name="logOut" finished-at="2023-07-29T13:30:48 UZT" duration-ms="574" status="PASS">
          <reporter-output>
          </reporter-output>
        </test-method> <!-- logOut -->
        <test-method signature="verifyDeleteButtonRemovesItemFromCart()[pri:0, instance:test.CartTest@7c469c48]" started-at="2023-07-29T13:30:48 UZT" name="verifyDeleteButtonRemovesItemFromCart" finished-at="2023-07-29T13:30:50 UZT" duration-ms="2482" status="PASS">
          <reporter-output>
          </reporter-output>
        </test-method> <!-- verifyDeleteButtonRemovesItemFromCart -->
        <test-method signature="verifyItemAddedToCartAppearInCartPage()[pri:0, instance:test.CartTest@7c469c48]" started-at="2023-07-29T13:30:50 UZT" name="verifyItemAddedToCartAppearInCartPage" finished-at="2023-07-29T13:30:52 UZT" duration-ms="1913" status="PASS">
          <reporter-output>
          </reporter-output>
        </test-method> <!-- verifyItemAddedToCartAppearInCartPage -->
        <test-method signature="verifyItemIsBookedWithPhoneAndAddress()[pri:0, instance:test.CartTest@7c469c48]" started-at="2023-07-29T13:30:52 UZT" name="verifyItemIsBookedWithPhoneAndAddress" finished-at="2023-07-29T13:30:55 UZT" duration-ms="3168" status="PASS">
          <reporter-output>
          </reporter-output>
        </test-method> <!-- verifyItemIsBookedWithPhoneAndAddress -->
        <test-method signature="verifyItemIsNotBookedWithoutAddress()[pri:0, instance:test.CartTest@7c469c48]" started-at="2023-07-29T13:30:55 UZT" name="verifyItemIsNotBookedWithoutAddress" finished-at="2023-07-29T13:31:03 UZT" duration-ms="7440" status="PASS">
          <reporter-output>
          </reporter-output>
        </test-method> <!-- verifyItemIsNotBookedWithoutAddress -->
        <test-method is-config="true" signature="afterTestCompleted()[pri:0, instance:test.CartTest@7c469c48]" started-at="2023-07-29T13:31:03 UZT" name="afterTestCompleted" description="closes the browser" finished-at="2023-07-29T13:31:03 UZT" duration-ms="235" status="PASS">
          <reporter-output>
          </reporter-output>
        </test-method> <!-- afterTestCompleted -->
      </class> <!-- test.CartTest -->
    </test> <!-- Cart -->
  </suite> <!-- Cart -->
</testng-results>
