<?xml version="1.0" encoding="UTF-8"?>
<testng-results ignored="0" total="7" passed="7" failed="0" skipped="0">
  <reporter-output>
  </reporter-output>
  <suite started-at="2023-08-24T18:18:21 UZT" name="Surefire suite" finished-at="2023-08-24T18:19:29 UZT" duration-ms="67714">
    <groups>
      <group name="cucumber">
        <method signature="AbstractTestNGCucumberTests.runScenario(io.cucumber.testng.PickleWrapper,io.cucumber.testng.FeatureWrapper)[pri:0, instance:runner.CucumberRunnerForCart@2133814f]" name="runScenario" class="io.cucumber.testng.AbstractTestNGCucumberTests"/>
      </group> <!-- cucumber -->
    </groups>
    <test started-at="2023-08-24T18:18:21 UZT" name="Surefire test" finished-at="2023-08-24T18:19:29 UZT" duration-ms="67714">
      <class name="runner.CucumberRunnerForCart">
        <test-method is-config="true" signature="setUpClass(org.testng.ITestContext)[pri:0, instance:runner.CucumberRunnerForCart@2133814f]" started-at="2023-08-24T18:18:21 UZT" name="setUpClass" finished-at="2023-08-24T18:18:24 UZT" duration-ms="2921" status="PASS">
          <params>
            <param index="0">
              <value>
                <![CDATA[org.testng.TestRunner@3b5110ff]]>
              </value>
            </param>
          </params>
          <reporter-output>
          </reporter-output>
        </test-method> <!-- setUpClass -->
        <test-method signature="runScenario(io.cucumber.testng.PickleWrapper,io.cucumber.testng.FeatureWrapper)[pri:0, instance:runner.CucumberRunnerForCart@2133814f]" started-at="2023-08-24T18:18:24 UZT" name="runScenario" description="Runs Cucumber Scenarios" data-provider="scenarios" finished-at="2023-08-24T18:18:37 UZT" duration-ms="12941" status="PASS">
          <params>
            <param index="0">
              <value>
                <![CDATA["Item can be added to cart"]]>
              </value>
            </param>
            <param index="1">
              <value>
                <![CDATA["Cart"]]>
              </value>
            </param>
          </params>
          <reporter-output>
          </reporter-output>
        </test-method> <!-- runScenario -->
        <test-method signature="runScenario(io.cucumber.testng.PickleWrapper,io.cucumber.testng.FeatureWrapper)[pri:0, instance:runner.CucumberRunnerForCart@2133814f]" started-at="2023-08-24T18:18:37 UZT" name="runScenario" description="Runs Cucumber Scenarios" data-provider="scenarios" finished-at="2023-08-24T18:18:44 UZT" duration-ms="6334" status="PASS">
          <params>
            <param index="0">
              <value>
                <![CDATA["Item can be removed from cart"]]>
              </value>
            </param>
            <param index="1">
              <value>
                <![CDATA["Cart"]]>
              </value>
            </param>
          </params>
          <reporter-output>
          </reporter-output>
        </test-method> <!-- runScenario -->
        <test-method signature="runScenario(io.cucumber.testng.PickleWrapper,io.cucumber.testng.FeatureWrapper)[pri:0, instance:runner.CucumberRunnerForCart@2133814f]" started-at="2023-08-24T18:18:44 UZT" name="runScenario" description="Runs Cucumber Scenarios" data-provider="scenarios" finished-at="2023-08-24T18:18:55 UZT" duration-ms="11589" status="PASS">
          <params>
            <param index="0">
              <value>
                <![CDATA["Item cannot be booked with partial credentials (only with phone number)"]]>
              </value>
            </param>
            <param index="1">
              <value>
                <![CDATA["Cart"]]>
              </value>
            </param>
          </params>
          <reporter-output>
          </reporter-output>
        </test-method> <!-- runScenario -->
        <test-method signature="runScenario(io.cucumber.testng.PickleWrapper,io.cucumber.testng.FeatureWrapper)[pri:0, instance:runner.CucumberRunnerForCart@2133814f]" started-at="2023-08-24T18:18:55 UZT" name="runScenario" description="Runs Cucumber Scenarios" data-provider="scenarios" finished-at="2023-08-24T18:19:03 UZT" duration-ms="7381" status="PASS">
          <params>
            <param index="0">
              <value>
                <![CDATA["Item can be booked with full credentials"]]>
              </value>
            </param>
            <param index="1">
              <value>
                <![CDATA["Cart"]]>
              </value>
            </param>
          </params>
          <reporter-output>
          </reporter-output>
        </test-method> <!-- runScenario -->
        <test-method signature="runScenario(io.cucumber.testng.PickleWrapper,io.cucumber.testng.FeatureWrapper)[pri:0, instance:runner.CucumberRunnerForCart@2133814f]" started-at="2023-08-24T18:19:03 UZT" name="runScenario" description="Runs Cucumber Scenarios" data-provider="scenarios" finished-at="2023-08-24T18:19:11 UZT" duration-ms="8634" status="PASS">
          <params>
            <param index="0">
              <value>
                <![CDATA["Booked items are stored in account profile"]]>
              </value>
            </param>
            <param index="1">
              <value>
                <![CDATA["Cart"]]>
              </value>
            </param>
          </params>
          <reporter-output>
          </reporter-output>
        </test-method> <!-- runScenario -->
        <test-method signature="runScenario(io.cucumber.testng.PickleWrapper,io.cucumber.testng.FeatureWrapper)[pri:0, instance:runner.CucumberRunnerForCart@2133814f]" started-at="2023-08-24T18:19:11 UZT" name="runScenario" description="Runs Cucumber Scenarios" data-provider="scenarios" finished-at="2023-08-24T18:19:17 UZT" duration-ms="5898" status="PASS">
          <params>
            <param index="0">
              <value>
                <![CDATA["Total price for the item is calculated correctly"]]>
              </value>
            </param>
            <param index="1">
              <value>
                <![CDATA["Cart"]]>
              </value>
            </param>
          </params>
          <reporter-output>
          </reporter-output>
        </test-method> <!-- runScenario -->
        <test-method signature="runScenario(io.cucumber.testng.PickleWrapper,io.cucumber.testng.FeatureWrapper)[pri:0, instance:runner.CucumberRunnerForCart@2133814f]" started-at="2023-08-24T18:19:17 UZT" name="runScenario" description="Runs Cucumber Scenarios" data-provider="scenarios" finished-at="2023-08-24T18:19:25 UZT" duration-ms="7311" status="PASS">
          <params>
            <param index="0">
              <value>
                <![CDATA["Total price for all items in cart is calculated correctly"]]>
              </value>
            </param>
            <param index="1">
              <value>
                <![CDATA["Cart"]]>
              </value>
            </param>
          </params>
          <reporter-output>
          </reporter-output>
        </test-method> <!-- runScenario -->
        <test-method is-config="true" signature="tearDownClass()[pri:0, instance:runner.CucumberRunnerForCart@2133814f]" started-at="2023-08-24T18:19:25 UZT" name="tearDownClass" finished-at="2023-08-24T18:19:29 UZT" duration-ms="4529" status="PASS">
          <reporter-output>
          </reporter-output>
        </test-method> <!-- tearDownClass -->
      </class> <!-- runner.CucumberRunnerForCart -->
    </test> <!-- Surefire test -->
  </suite> <!-- Surefire suite -->
</testng-results>
