<?xml version="1.0" encoding="UTF-8"?>
<testsuite xmlns:xsi="http://www.w3.org/2001/XMLSchema-instance" xsi:noNamespaceSchemaLocation="https://maven.apache.org/surefire/maven-surefire-plugin/xsd/surefire-test-report.xsd" name="TestSuite" time="39.171" tests="2" errors="0" skipped="0" failures="0">
  <properties>
[...]
</properties>
  <testcase name="randomUserRegistrationTest" classname="test.RegistrationPageTest" time="11.256"/>
  <testcase name="userFromBundleRegistrationTest" classname="test.RegistrationPageTest" time="2.039"/>
</testsuite>