<?xml version="1.0" encoding="UTF-8"?>
<testng-results ignored="0" total="3" passed="3" failed="0" skipped="0">
  <reporter-output>
  </reporter-output>
  <suite started-at="2023-08-27T23:19:18 MSK" name="Item operations API test" finished-at="2023-08-27T23:19:22 MSK" duration-ms="4101">
    <groups>
    </groups>
    <test started-at="2023-08-27T23:19:18 MSK" name="Item operations test" finished-at="2023-08-27T23:19:22 MSK" duration-ms="4101">
      <class name="api.rest_api_tests.ItemOperationsApiTest">
        <test-method signature="createItemTest()[pri:1, instance:api.rest_api_tests.ItemOperationsApiTest@4052274f]" started-at="2023-08-27T23:19:18 MSK" name="createItemTest" description="Create item &#039;кардиган&#039;" finished-at="2023-08-27T23:19:21 MSK" duration-ms="3589" status="PASS">
          <reporter-output>
          </reporter-output>
        </test-method> <!-- createItemTest -->
        <test-method signature="updateItemCostTest()[pri:2, instance:api.rest_api_tests.ItemOperationsApiTest@4052274f]" started-at="2023-08-27T23:19:21 MSK" name="updateItemCostTest" description="Update &#039;кардиган&#039; price" finished-at="2023-08-27T23:19:22 MSK" duration-ms="210" status="PASS">
          <reporter-output>
          </reporter-output>
        </test-method> <!-- updateItemCostTest -->
        <test-method signature="deleteItemTest()[pri:3, instance:api.rest_api_tests.ItemOperationsApiTest@4052274f]" started-at="2023-08-27T23:19:22 MSK" name="deleteItemTest" description="Delete &#039;кардиган&#039; from db" finished-at="2023-08-27T23:19:22 MSK" duration-ms="220" status="PASS">
          <reporter-output>
          </reporter-output>
        </test-method> <!-- deleteItemTest -->
      </class> <!-- api.rest_api_tests.ItemOperationsApiTest -->
    </test> <!-- Item operations test -->
  </suite> <!-- Item operations API test -->
</testng-results>
