<?xml version="1.0" encoding="UTF-8"?>
<testng-results ignored="0" total="5" passed="5" failed="0" skipped="0">
  <reporter-output>
  </reporter-output>
  <suite started-at="2023-08-01T20:32:12 UZT" name="Cart" finished-at="2023-08-01T20:32:52 UZT" duration-ms="39918">
    <groups>
      <group name="logOut">
        <method signature="CartTest.verifyBookedItemsStoredInAccountProfile()[pri:0, instance:test.CartTest@2c88b9fc]" name="verifyBookedItemsStoredInAccountProfile" class="test.CartTest"/>
      </group> <!-- logOut -->
    </groups>
    <test started-at="2023-08-01T20:32:12 UZT" name="Cart" finished-at="2023-08-01T20:32:52 UZT" duration-ms="39918">
      <class name="test.CartTest">
        <test-method is-config="true" signature="setUp()[pri:0, instance:test.CartTest@2c88b9fc]" started-at="2023-08-01T20:32:12 UZT" name="setUp" finished-at="2023-08-01T20:32:25 UZT" duration-ms="13452" status="PASS">
          <reporter-output>
          </reporter-output>
        </test-method> <!-- setUp -->
        <test-method signature="verifyBookedItemsStoredInAccountProfile()[pri:0, instance:test.CartTest@2c88b9fc]" started-at="2023-08-01T20:32:25 UZT" name="verifyBookedItemsStoredInAccountProfile" finished-at="2023-08-01T20:32:34 UZT" duration-ms="8654" status="PASS">
          <reporter-output>
          </reporter-output>
        </test-method> <!-- verifyBookedItemsStoredInAccountProfile -->
        <test-method is-config="true" signature="logOut()[pri:0, instance:test.CartTest@2c88b9fc]" started-at="2023-08-01T20:32:34 UZT" name="logOut" finished-at="2023-08-01T20:32:35 UZT" duration-ms="597" status="PASS">
          <reporter-output>
          </reporter-output>
        </test-method> <!-- logOut -->
        <test-method signature="verifyDeleteButtonRemovesItemFromCart()[pri:0, instance:test.CartTest@2c88b9fc]" started-at="2023-08-01T20:32:35 UZT" name="verifyDeleteButtonRemovesItemFromCart" finished-at="2023-08-01T20:32:37 UZT" duration-ms="2331" status="PASS">
          <reporter-output>
          </reporter-output>
        </test-method> <!-- verifyDeleteButtonRemovesItemFromCart -->
        <test-method signature="verifyItemAddedToCartAppearInCartPage()[pri:0, instance:test.CartTest@2c88b9fc]" started-at="2023-08-01T20:32:37 UZT" name="verifyItemAddedToCartAppearInCartPage" finished-at="2023-08-01T20:32:39 UZT" duration-ms="2020" status="PASS">
          <reporter-output>
          </reporter-output>
        </test-method> <!-- verifyItemAddedToCartAppearInCartPage -->
        <test-method signature="verifyItemIsBookedWithPhoneAndAddress()[pri:0, instance:test.CartTest@2c88b9fc]" started-at="2023-08-01T20:32:39 UZT" name="verifyItemIsBookedWithPhoneAndAddress" finished-at="2023-08-01T20:32:43 UZT" duration-ms="3705" status="PASS">
          <reporter-output>
          </reporter-output>
        </test-method> <!-- verifyItemIsBookedWithPhoneAndAddress -->
        <test-method signature="verifyItemIsNotBookedWithoutAddress()[pri:0, instance:test.CartTest@2c88b9fc]" started-at="2023-08-01T20:32:43 UZT" name="verifyItemIsNotBookedWithoutAddress" finished-at="2023-08-01T20:32:51 UZT" duration-ms="8449" status="PASS">
          <reporter-output>
          </reporter-output>
        </test-method> <!-- verifyItemIsNotBookedWithoutAddress -->
        <test-method is-config="true" signature="afterTestCompleted()[pri:0, instance:test.CartTest@2c88b9fc]" started-at="2023-08-01T20:32:51 UZT" name="afterTestCompleted" description="closes the browser" finished-at="2023-08-01T20:32:52 UZT" duration-ms="519" status="PASS">
          <reporter-output>
          </reporter-output>
        </test-method> <!-- afterTestCompleted -->
      </class> <!-- test.CartTest -->
    </test> <!-- Cart -->
  </suite> <!-- Cart -->
</testng-results>
