<?xml version="1.0" encoding="UTF-8"?>
<testng-results ignored="0" total="13" passed="13" failed="0" skipped="0">
  <reporter-output>
  </reporter-output>
  <suite started-at="2023-08-24T10:57:47 MSK" name="Search API test" finished-at="2023-08-24T10:58:00 MSK" duration-ms="13149">
    <groups>
    </groups>
    <test started-at="2023-08-24T10:57:47 MSK" name="Search API Test" finished-at="2023-08-24T10:58:00 MSK" duration-ms="13149">
      <class name="rest_api_tests.CorrectSearchRestApiMethodTest">
        <test-method signature="doSelectedItemsCorrespondToFilterConditionsOfColor(java.lang.String,java.lang.String)[pri:0, instance:rest_api_tests.CorrectSearchRestApiMethodTest@3276732]" started-at="2023-08-24T10:57:47 MSK" name="doSelectedItemsCorrespondToFilterConditionsOfColor" description="checks the selected items with names containing queryValue string to be of given color" data-provider="dataProviderMethodForColor" finished-at="2023-08-24T10:57:52 MSK" duration-ms="4576" status="PASS">
          <params>
            <param index="0">
              <value>
                <![CDATA[Товар]]>
              </value>
            </param>
            <param index="1">
              <value>
                <![CDATA[Синий]]>
              </value>
            </param>
          </params>
          <reporter-output>
          </reporter-output>
        </test-method> <!-- doSelectedItemsCorrespondToFilterConditionsOfColor -->
        <test-method signature="doSelectedItemsCorrespondToFilterConditionsOfColor(java.lang.String,java.lang.String)[pri:0, instance:rest_api_tests.CorrectSearchRestApiMethodTest@3276732]" started-at="2023-08-24T10:57:52 MSK" name="doSelectedItemsCorrespondToFilterConditionsOfColor" description="checks the selected items with names containing queryValue string to be of given color" data-provider="dataProviderMethodForColor" finished-at="2023-08-24T10:57:52 MSK" duration-ms="317" status="PASS">
          <params>
            <param index="0">
              <value>
                <![CDATA[Товар]]>
              </value>
            </param>
            <param index="1">
              <value>
                <![CDATA[Черный]]>
              </value>
            </param>
          </params>
          <reporter-output>
          </reporter-output>
        </test-method> <!-- doSelectedItemsCorrespondToFilterConditionsOfColor -->
        <test-method signature="doSelectedItemsCorrespondToFilterConditionsOfColor(java.lang.String,java.lang.String)[pri:0, instance:rest_api_tests.CorrectSearchRestApiMethodTest@3276732]" started-at="2023-08-24T10:57:52 MSK" name="doSelectedItemsCorrespondToFilterConditionsOfColor" description="checks the selected items with names containing queryValue string to be of given color" data-provider="dataProviderMethodForColor" finished-at="2023-08-24T10:57:53 MSK" duration-ms="315" status="PASS">
          <params>
            <param index="0">
              <value>
                <![CDATA[Товар]]>
              </value>
            </param>
            <param index="1">
              <value>
                <![CDATA[Красный]]>
              </value>
            </param>
          </params>
          <reporter-output>
          </reporter-output>
        </test-method> <!-- doSelectedItemsCorrespondToFilterConditionsOfColor -->
        <test-method signature="doSelectedItemsCorrespondToFilterConditionsOfPriceRank(java.lang.String,java.lang.String,java.lang.String)[pri:0, instance:rest_api_tests.CorrectSearchRestApiMethodTest@3276732]" started-at="2023-08-24T10:57:53 MSK" name="doSelectedItemsCorrespondToFilterConditionsOfPriceRank" description="checks the selected items with names containing queryValue string to be of given price rank" data-provider="dataProviderMethodForPriceRank" finished-at="2023-08-24T10:57:53 MSK" duration-ms="163" status="PASS">
          <params>
            <param index="0">
              <value>
                <![CDATA[Товар]]>
              </value>
            </param>
            <param index="1">
              <value>
                <![CDATA[100]]>
              </value>
            </param>
            <param index="2">
              <value>
                <![CDATA[400]]>
              </value>
            </param>
          </params>
          <reporter-output>
          </reporter-output>
        </test-method> <!-- doSelectedItemsCorrespondToFilterConditionsOfPriceRank -->
        <test-method signature="doSelectedItemsCorrespondToFilterConditionsOfPriceRank(java.lang.String,java.lang.String,java.lang.String)[pri:0, instance:rest_api_tests.CorrectSearchRestApiMethodTest@3276732]" started-at="2023-08-24T10:57:53 MSK" name="doSelectedItemsCorrespondToFilterConditionsOfPriceRank" description="checks the selected items with names containing queryValue string to be of given price rank" data-provider="dataProviderMethodForPriceRank" finished-at="2023-08-24T10:57:54 MSK" duration-ms="1558" status="PASS">
          <params>
            <param index="0">
              <value>
                <![CDATA[ ]]>
              </value>
            </param>
            <param index="1">
              <value>
                <![CDATA[100]]>
              </value>
            </param>
            <param index="2">
              <value>
                <![CDATA[800]]>
              </value>
            </param>
          </params>
          <reporter-output>
          </reporter-output>
        </test-method> <!-- doSelectedItemsCorrespondToFilterConditionsOfPriceRank -->
        <test-method signature="doSelectedItemsCorrespondToFilterConditionsOfPriceRank(java.lang.String,java.lang.String,java.lang.String)[pri:0, instance:rest_api_tests.CorrectSearchRestApiMethodTest@3276732]" started-at="2023-08-24T10:57:54 MSK" name="doSelectedItemsCorrespondToFilterConditionsOfPriceRank" description="checks the selected items with names containing queryValue string to be of given price rank" data-provider="dataProviderMethodForPriceRank" finished-at="2023-08-24T10:57:56 MSK" duration-ms="1239" status="PASS">
          <params>
            <param index="0">
              <value>
                <![CDATA[а]]>
              </value>
            </param>
            <param index="1">
              <value>
                <![CDATA[100]]>
              </value>
            </param>
            <param index="2">
              <value>
                <![CDATA[800]]>
              </value>
            </param>
          </params>
          <reporter-output>
          </reporter-output>
        </test-method> <!-- doSelectedItemsCorrespondToFilterConditionsOfPriceRank -->
        <test-method signature="doSelectedItemsCorrespondToFilterConditionsOfPriceRank(java.lang.String,java.lang.String,java.lang.String)[pri:0, instance:rest_api_tests.CorrectSearchRestApiMethodTest@3276732]" started-at="2023-08-24T10:57:56 MSK" name="doSelectedItemsCorrespondToFilterConditionsOfPriceRank" description="checks the selected items with names containing queryValue string to be of given price rank" data-provider="dataProviderMethodForPriceRank" finished-at="2023-08-24T10:57:57 MSK" duration-ms="1251" status="PASS">
          <params>
            <param index="0">
              <value>
                <![CDATA[Платье]]>
              </value>
            </param>
            <param index="1">
              <value>
                <![CDATA[100]]>
              </value>
            </param>
            <param index="2">
              <value>
                <![CDATA[800]]>
              </value>
            </param>
          </params>
          <reporter-output>
          </reporter-output>
        </test-method> <!-- doSelectedItemsCorrespondToFilterConditionsOfPriceRank -->
        <test-method signature="doSelectedItemsCorrespondToFilterConditionsOfSize(java.lang.String,java.lang.String)[pri:0, instance:rest_api_tests.CorrectSearchRestApiMethodTest@3276732]" started-at="2023-08-24T10:57:57 MSK" name="doSelectedItemsCorrespondToFilterConditionsOfSize" description="checks the selected items with names containing queryValue string to be of given size" data-provider="dataProviderMethodForSize" finished-at="2023-08-24T10:57:57 MSK" duration-ms="225" status="PASS">
          <params>
            <param index="0">
              <value>
                <![CDATA[Товар]]>
              </value>
            </param>
            <param index="1">
              <value>
                <![CDATA[42]]>
              </value>
            </param>
          </params>
          <reporter-output>
          </reporter-output>
        </test-method> <!-- doSelectedItemsCorrespondToFilterConditionsOfSize -->
        <test-method signature="doSelectedItemsCorrespondToFilterConditionsOfSize(java.lang.String,java.lang.String)[pri:0, instance:rest_api_tests.CorrectSearchRestApiMethodTest@3276732]" started-at="2023-08-24T10:57:57 MSK" name="doSelectedItemsCorrespondToFilterConditionsOfSize" description="checks the selected items with names containing queryValue string to be of given size" data-provider="dataProviderMethodForSize" finished-at="2023-08-24T10:57:57 MSK" duration-ms="230" status="PASS">
          <params>
            <param index="0">
              <value>
                <![CDATA[Товар]]>
              </value>
            </param>
            <param index="1">
              <value>
                <![CDATA[30]]>
              </value>
            </param>
          </params>
          <reporter-output>
          </reporter-output>
        </test-method> <!-- doSelectedItemsCorrespondToFilterConditionsOfSize -->
        <test-method signature="doSelectedItemsCorrespondToFilterConditionsOfSize(java.lang.String,java.lang.String)[pri:0, instance:rest_api_tests.CorrectSearchRestApiMethodTest@3276732]" started-at="2023-08-24T10:57:57 MSK" name="doSelectedItemsCorrespondToFilterConditionsOfSize" description="checks the selected items with names containing queryValue string to be of given size" data-provider="dataProviderMethodForSize" finished-at="2023-08-24T10:57:59 MSK" duration-ms="1999" status="PASS">
          <params>
            <param index="0">
              <value>
                <![CDATA[т]]>
              </value>
            </param>
            <param index="1">
              <value>
                <![CDATA[44]]>
              </value>
            </param>
          </params>
          <reporter-output>
          </reporter-output>
        </test-method> <!-- doSelectedItemsCorrespondToFilterConditionsOfSize -->
        <test-method signature="doSelectedItemsNamesCorrespondToSearchRequest(java.lang.String)[pri:0, instance:rest_api_tests.CorrectSearchRestApiMethodTest@3276732]" started-at="2023-08-24T10:57:59 MSK" name="doSelectedItemsNamesCorrespondToSearchRequest" description="checks the selected items names correspond to search request" data-provider="dataProviderMethodForName" finished-at="2023-08-24T10:58:00 MSK" duration-ms="617" status="PASS">
          <params>
            <param index="0">
              <value>
                <![CDATA[Пальто]]>
              </value>
            </param>
          </params>
          <reporter-output>
          </reporter-output>
        </test-method> <!-- doSelectedItemsNamesCorrespondToSearchRequest -->
        <test-method signature="doSelectedItemsNamesCorrespondToSearchRequest(java.lang.String)[pri:0, instance:rest_api_tests.CorrectSearchRestApiMethodTest@3276732]" started-at="2023-08-24T10:58:00 MSK" name="doSelectedItemsNamesCorrespondToSearchRequest" description="checks the selected items names correspond to search request" data-provider="dataProviderMethodForName" finished-at="2023-08-24T10:58:00 MSK" duration-ms="182" status="PASS">
          <params>
            <param index="0">
              <value>
                <![CDATA[Шорты]]>
              </value>
            </param>
          </params>
          <reporter-output>
          </reporter-output>
        </test-method> <!-- doSelectedItemsNamesCorrespondToSearchRequest -->
        <test-method signature="doSelectedItemsNamesCorrespondToSearchRequest(java.lang.String)[pri:0, instance:rest_api_tests.CorrectSearchRestApiMethodTest@3276732]" started-at="2023-08-24T10:58:00 MSK" name="doSelectedItemsNamesCorrespondToSearchRequest" description="checks the selected items names correspond to search request" data-provider="dataProviderMethodForName" finished-at="2023-08-24T10:58:00 MSK" duration-ms="228" status="PASS">
          <params>
            <param index="0">
              <value>
                <![CDATA[Товар]]>
              </value>
            </param>
          </params>
          <reporter-output>
          </reporter-output>
        </test-method> <!-- doSelectedItemsNamesCorrespondToSearchRequest -->
      </class> <!-- rest_api_tests.CorrectSearchRestApiMethodTest -->
    </test> <!-- Search API Test -->
  </suite> <!-- Search API test -->
</testng-results>
